[0.016s] Invoking command in '/home/ymayma/ros2_ws/src/artist_robot/build/artist_robot': CMAKE_PREFIX_PATH=/opt/ros/humble /usr/bin/cmake /home/ymayma/ros2_ws/src/artist_robot -DCMAKE_INSTALL_PREFIX=/home/ymayma/ros2_ws/src/artist_robot/install/artist_robot
[0.123s] -- The C compiler identification is GNU 11.4.0
[0.206s] -- The CXX compiler identification is GNU 11.4.0
[0.214s] -- Detecting C compiler ABI info
[0.297s] -- Detecting C compiler ABI info - done
[0.303s] -- Check for working C compiler: /usr/bin/cc - skipped
[0.303s] -- Detecting C compile features
[0.304s] -- Detecting C compile features - done
[0.307s] -- Detecting CXX compiler ABI info
[0.402s] -- Detecting CXX compiler ABI info - done
[0.406s] -- Check for working CXX compiler: /usr/bin/c++ - skipped
[0.406s] -- Detecting CXX compile features
[0.407s] -- Detecting CXX compile features - done
[0.422s] -- Found ament_cmake: 1.3.11 (/opt/ros/humble/share/ament_cmake/cmake)
[0.571s] -- Found Python3: /usr/bin/python3 (found version "3.10.12") found components: Interpreter 
[0.667s] -- Found rclcpp: 16.0.12 (/opt/ros/humble/share/rclcpp/cmake)
[0.708s] -- Found rosidl_generator_c: 3.1.6 (/opt/ros/humble/share/rosidl_generator_c/cmake)
[0.711s] -- Found rosidl_adapter: 3.1.6 (/opt/ros/humble/share/rosidl_adapter/cmake)
[0.719s] -- Found rosidl_generator_cpp: 3.1.6 (/opt/ros/humble/share/rosidl_generator_cpp/cmake)
[0.732s] -- Using all available rosidl_typesupport_c: rosidl_typesupport_fastrtps_c;rosidl_typesupport_introspection_c
[0.749s] -- Using all available rosidl_typesupport_cpp: rosidl_typesupport_fastrtps_cpp;rosidl_typesupport_introspection_cpp
[0.789s] -- Found rmw_implementation_cmake: 6.1.2 (/opt/ros/humble/share/rmw_implementation_cmake/cmake)
[0.790s] -- Found rmw_fastrtps_cpp: 6.2.7 (/opt/ros/humble/share/rmw_fastrtps_cpp/cmake)
[0.897s] -- Found OpenSSL: /usr/lib/x86_64-linux-gnu/libcrypto.so (found version "3.0.2")  
[0.934s] -- Found FastRTPS: /opt/ros/humble/include  
[0.983s] -- Using RMW implementation 'rmw_fastrtps_cpp' as default
[0.990s] -- Looking for pthread.h
[1.073s] -- Looking for pthread.h - found
[1.073s] -- Performing Test CMAKE_HAVE_LIBC_PTHREAD
[1.156s] -- Performing Test CMAKE_HAVE_LIBC_PTHREAD - Success
[1.156s] -- Found Threads: TRUE  
[1.201s] -- Found robot_state_publisher: 3.0.3 (/opt/ros/humble/share/robot_state_publisher/cmake)
[1.230s] -- Found eigen3_cmake_module: 0.1.1 (/opt/ros/humble/share/eigen3_cmake_module/cmake)
[1.231s] -- Found Eigen3: TRUE (found version "3.4.0") 
[1.231s] -- Ensuring Eigen3 include directory is part of orocos-kdl CMake target
[1.368s] -- Found ament_lint_auto: 0.12.12 (/opt/ros/humble/share/ament_lint_auto/cmake)
[1.465s] -- Added test 'cppcheck' to perform static code analysis on C / C++ code
[1.465s] -- Configured cppcheck include dirs: 
[1.465s] -- Configured cppcheck exclude dirs and/or files: 
[1.467s] -- Added test 'flake8' to check Python code syntax and style conventions
[1.471s] -- Added test 'lint_cmake' to check CMake code style
[1.474s] -- Added test 'pep257' to check Python code against some of the docstring style conventions in PEP 257
[1.490s] -- Added test 'uncrustify' to check C / C++ code style
[1.490s] -- Configured uncrustify additional arguments: 
[1.494s] -- Added test 'xmllint' to check XML markup files
[1.494s] -- Configuring done
[1.502s] -- Generating done
[1.506s] -- Build files have been written to: /home/ymayma/ros2_ws/src/artist_robot/build/artist_robot
[1.517s] Invoked command in '/home/ymayma/ros2_ws/src/artist_robot/build/artist_robot' returned '0': CMAKE_PREFIX_PATH=/opt/ros/humble /usr/bin/cmake /home/ymayma/ros2_ws/src/artist_robot -DCMAKE_INSTALL_PREFIX=/home/ymayma/ros2_ws/src/artist_robot/install/artist_robot
[1.518s] Invoking command in '/home/ymayma/ros2_ws/src/artist_robot/build/artist_robot': CMAKE_PREFIX_PATH=/opt/ros/humble /usr/bin/cmake --build /home/ymayma/ros2_ws/src/artist_robot/build/artist_robot -- -j4 -l4
[1.567s] Invoked command in '/home/ymayma/ros2_ws/src/artist_robot/build/artist_robot' returned '0': CMAKE_PREFIX_PATH=/opt/ros/humble /usr/bin/cmake --build /home/ymayma/ros2_ws/src/artist_robot/build/artist_robot -- -j4 -l4
[1.579s] Invoking command in '/home/ymayma/ros2_ws/src/artist_robot/build/artist_robot': CMAKE_PREFIX_PATH=/opt/ros/humble /usr/bin/cmake --install /home/ymayma/ros2_ws/src/artist_robot/build/artist_robot
[1.589s] -- Install configuration: ""
[1.598s] -- Installing: /home/ymayma/ros2_ws/src/artist_robot/install/artist_robot/share/artist_robot//config
[1.598s] -- Installing: /home/ymayma/ros2_ws/src/artist_robot/install/artist_robot/share/artist_robot//config/artist_robot.rviz
[1.598s] -- Installing: /home/ymayma/ros2_ws/src/artist_robot/install/artist_robot/share/artist_robot//urdf
[1.598s] -- Installing: /home/ymayma/ros2_ws/src/artist_robot/install/artist_robot/share/artist_robot//urdf/artist_robot.urdf
[1.598s] -- Installing: /home/ymayma/ros2_ws/src/artist_robot/install/artist_robot/share/artist_robot//launch
[1.598s] -- Installing: /home/ymayma/ros2_ws/src/artist_robot/install/artist_robot/share/artist_robot//launch/artist_robot.launch.py
[1.598s] -- Installing: /home/ymayma/ros2_ws/src/artist_robot/install/artist_robot/share/ament_index/resource_index/package_run_dependencies/artist_robot
[1.598s] -- Installing: /home/ymayma/ros2_ws/src/artist_robot/install/artist_robot/share/ament_index/resource_index/parent_prefix_path/artist_robot
[1.599s] -- Installing: /home/ymayma/ros2_ws/src/artist_robot/install/artist_robot/share/artist_robot/environment/ament_prefix_path.sh
[1.599s] -- Installing: /home/ymayma/ros2_ws/src/artist_robot/install/artist_robot/share/artist_robot/environment/ament_prefix_path.dsv
[1.599s] -- Installing: /home/ymayma/ros2_ws/src/artist_robot/install/artist_robot/share/artist_robot/environment/path.sh
[1.599s] -- Installing: /home/ymayma/ros2_ws/src/artist_robot/install/artist_robot/share/artist_robot/environment/path.dsv
[1.599s] -- Installing: /home/ymayma/ros2_ws/src/artist_robot/install/artist_robot/share/artist_robot/local_setup.bash
[1.600s] -- Installing: /home/ymayma/ros2_ws/src/artist_robot/install/artist_robot/share/artist_robot/local_setup.sh
[1.600s] -- Installing: /home/ymayma/ros2_ws/src/artist_robot/install/artist_robot/share/artist_robot/local_setup.zsh
[1.600s] -- Installing: /home/ymayma/ros2_ws/src/artist_robot/install/artist_robot/share/artist_robot/local_setup.dsv
[1.600s] -- Installing: /home/ymayma/ros2_ws/src/artist_robot/install/artist_robot/share/artist_robot/package.dsv
[1.601s] -- Installing: /home/ymayma/ros2_ws/src/artist_robot/install/artist_robot/share/ament_index/resource_index/packages/artist_robot
[1.601s] -- Installing: /home/ymayma/ros2_ws/src/artist_robot/install/artist_robot/share/artist_robot/cmake/artist_robotConfig.cmake
[1.601s] -- Installing: /home/ymayma/ros2_ws/src/artist_robot/install/artist_robot/share/artist_robot/cmake/artist_robotConfig-version.cmake
[1.601s] -- Installing: /home/ymayma/ros2_ws/src/artist_robot/install/artist_robot/share/artist_robot/package.xml
[1.604s] Invoked command in '/home/ymayma/ros2_ws/src/artist_robot/build/artist_robot' returned '0': CMAKE_PREFIX_PATH=/opt/ros/humble /usr/bin/cmake --install /home/ymayma/ros2_ws/src/artist_robot/build/artist_robot
